0 info it worked if it ends with ok
1 verbose cli [ '/Users/theo/.nvm/versions/node/v6.5.0/bin/node',
1 verbose cli   '/Users/theo/.nvm/versions/node/v6.5.0/bin/npm',
1 verbose cli   'run',
1 verbose cli   '_img-create-desktop' ]
2 info using npm@3.10.3
3 info using node@v6.5.0
4 verbose run-script [ 'pre_img-create-desktop',
4 verbose run-script   '_img-create-desktop',
4 verbose run-script   'post_img-create-desktop' ]
5 info lifecycle blog@1.0.0~pre_img-create-desktop: blog@1.0.0
6 silly lifecycle blog@1.0.0~pre_img-create-desktop: no script for pre_img-create-desktop, continuing
7 info lifecycle blog@1.0.0~_img-create-desktop: blog@1.0.0
8 verbose lifecycle blog@1.0.0~_img-create-desktop: unsafe-perm in lifecycle true
9 verbose lifecycle blog@1.0.0~_img-create-desktop: PATH: /Users/theo/.nvm/versions/node/v6.5.0/lib/node_modules/npm/bin/node-gyp-bin:/Users/theo/Sites/blog/node_modules/.bin:/Users/theo/.nvm/versions/node/v6.5.0/bin:/Users/theo/.nvm/versions/node/v6.5.0/lib/node_modules/npm/bin/node-gyp-bin:/Users/theo/Sites/blog/node_modules/.bin:/Users/theo/.nvm/versions/node/v6.5.0/bin:/Users/theo/Downloads/google-cloud-sdk/bin:/Users/theo/.nvm/versions/node/v6.5.0/bin:/usr/local/bin:/usr/local/sbin:/usr/bin:/bin:/usr/sbin:/sbin:/usr/texbin:/usr/local/bin:/usr/bin:/bin:/usr/sbin:/sbin:/usr/local/go/bin:/usr/texbin
10 verbose lifecycle blog@1.0.0~_img-create-desktop: CWD: /Users/theo/Sites/blog
11 silly lifecycle blog@1.0.0~_img-create-desktop: Args: [ '-c',
11 silly lifecycle   'rm -r ~/Sites/blog/img/article/desktop/*; sips -Z 2048 ~/Sites/blog/img/article/src/*.jpg --out ~/Sites/blog/img/article/desktop' ]
12 silly lifecycle blog@1.0.0~_img-create-desktop: Returned: code: 4  signal: null
13 info lifecycle blog@1.0.0~_img-create-desktop: Failed to exec _img-create-desktop script
14 verbose stack Error: blog@1.0.0 _img-create-desktop: `rm -r ~/Sites/blog/img/article/desktop/*; sips -Z 2048 ~/Sites/blog/img/article/src/*.jpg --out ~/Sites/blog/img/article/desktop`
14 verbose stack Exit status 4
14 verbose stack     at EventEmitter.<anonymous> (/Users/theo/.nvm/versions/node/v6.5.0/lib/node_modules/npm/lib/utils/lifecycle.js:242:16)
14 verbose stack     at emitTwo (events.js:106:13)
14 verbose stack     at EventEmitter.emit (events.js:191:7)
14 verbose stack     at ChildProcess.<anonymous> (/Users/theo/.nvm/versions/node/v6.5.0/lib/node_modules/npm/lib/utils/spawn.js:40:14)
14 verbose stack     at emitTwo (events.js:106:13)
14 verbose stack     at ChildProcess.emit (events.js:191:7)
14 verbose stack     at maybeClose (internal/child_process.js:877:16)
14 verbose stack     at Process.ChildProcess._handle.onexit (internal/child_process.js:226:5)
15 verbose pkgid blog@1.0.0
16 verbose cwd /Users/theo/Sites/blog
17 error Darwin 15.6.0
18 error argv "/Users/theo/.nvm/versions/node/v6.5.0/bin/node" "/Users/theo/.nvm/versions/node/v6.5.0/bin/npm" "run" "_img-create-desktop"
19 error node v6.5.0
20 error npm  v3.10.3
21 error code ELIFECYCLE
22 error blog@1.0.0 _img-create-desktop: `rm -r ~/Sites/blog/img/article/desktop/*; sips -Z 2048 ~/Sites/blog/img/article/src/*.jpg --out ~/Sites/blog/img/article/desktop`
22 error Exit status 4
23 error Failed at the blog@1.0.0 _img-create-desktop script 'rm -r ~/Sites/blog/img/article/desktop/*; sips -Z 2048 ~/Sites/blog/img/article/src/*.jpg --out ~/Sites/blog/img/article/desktop'.
23 error Make sure you have the latest version of node.js and npm installed.
23 error If you do, this is most likely a problem with the blog package,
23 error not with npm itself.
23 error Tell the author that this fails on your system:
23 error     rm -r ~/Sites/blog/img/article/desktop/*; sips -Z 2048 ~/Sites/blog/img/article/src/*.jpg --out ~/Sites/blog/img/article/desktop
23 error You can get information on how to open an issue for this project with:
23 error     npm bugs blog
23 error Or if that isn't available, you can get their info via:
23 error     npm owner ls blog
23 error There is likely additional logging output above.
24 verbose exit [ 1, true ]
